<?xml version="1.0" encoding="UTF-8"?>
<!-- Generated by org.testng.reporters.JUnitReportReporter -->
<testsuite hostname="DESKTOP-TTJIEV8" failures="0" tests="1" name="test1.Logintest1" time="8.788" errors="0" timestamp="2022-08-31T20:46:20 EDT" skipped="0">
  <testcase classname="test1.Logintest1" name="validusershouldbeabletolonin" time="8.788"/>
  <system-out/>
</testsuite> <!-- test1.Logintest1 -->
